Starting Dapr with id manager. HTTP Port: 49527. gRPC Port: 49528
Checking if Dapr sidecar is listening on HTTP port 49527
time="2024-07-15T18:24:02.3615121+03:00" level=info msg="Starting Dapr Runtime -- version 1.13.5 -- commit e490e58f62110ecdc430d2f39d57428729a487ea" app_id=manager instance=DESKTOP-Q56Q0JP scope=dapr.runtime type=log ver=1.13.5
time="2024-07-15T18:24:02.3615121+03:00" level=info msg="Log level set to: info" app_id=manager instance=DESKTOP-Q56Q0JP scope=dapr.runtime type=log ver=1.13.5
time="2024-07-15T18:24:02.3615121+03:00" level=warning msg="mTLS is disabled. Skipping certificate request and tls validation" app_id=manager instance=DESKTOP-Q56Q0JP scope=dapr.runtime.security type=log ver=1.13.5
time="2024-07-15T18:24:02.3615121+03:00" level=warning msg="The default value for 'spec.metric.http.increasedCardinality' will change to 'false' in Dapr 1.14" app_id=manager instance=DESKTOP-Q56Q0JP scope=dapr.runtime type=log ver=1.13.5
time="2024-07-15T18:24:02.3615121+03:00" level=info msg="standalone mode configured" app_id=manager instance=DESKTOP-Q56Q0JP scope=dapr.runtime type=log ver=1.13.5
time="2024-07-15T18:24:02.3615121+03:00" level=info msg="app id: manager" app_id=manager instance=DESKTOP-Q56Q0JP scope=dapr.runtime type=log ver=1.13.5
time="2024-07-15T18:24:02.3615121+03:00" level=info msg="metrics server started on :49529/" app_id=manager instance=DESKTOP-Q56Q0JP scope=dapr.runtime type=log ver=1.13.5
time="2024-07-15T18:24:02.3615121+03:00" level=info msg="Dapr trace sampler initialized: DaprTraceSampler(P=1.000000)" app_id=manager instance=DESKTOP-Q56Q0JP scope=dapr.runtime type=log ver=1.13.5
time="2024-07-15T18:24:02.4702754+03:00" level=info msg="local service entry announced: manager -> 192.168.1.157:49530" app_id=manager component="nr (mdns/v1)" instance=DESKTOP-Q56Q0JP scope=dapr.contrib type=log ver=1.13.5
time="2024-07-15T18:24:02.4702754+03:00" level=info msg="Initialized name resolution to mdns" app_id=manager instance=DESKTOP-Q56Q0JP scope=dapr.runtime type=log ver=1.13.5
time="2024-07-15T18:24:02.4707869+03:00" level=info msg="Loading components…" app_id=manager instance=DESKTOP-Q56Q0JP scope=dapr.runtime type=log ver=1.13.5
time="2024-07-15T18:24:02.500224+03:00" level=info msg="Component loaded: pubsub (pubsub.redis/v1)" app_id=manager instance=DESKTOP-Q56Q0JP scope=dapr.runtime.processor type=log ver=1.13.5
time="2024-07-15T18:24:02.5029319+03:00" level=info msg="Waiting for all outstanding components to be processed…" app_id=manager instance=DESKTOP-Q56Q0JP scope=dapr.runtime type=log ver=1.13.5
time="2024-07-15T18:24:02.5132855+03:00" level=info msg="Using 'statestore' as actor state store" app_id=manager instance=DESKTOP-Q56Q0JP scope=dapr.runtime.processor.state type=log ver=1.13.5
time="2024-07-15T18:24:02.5132855+03:00" level=info msg="Component loaded: statestore (state.redis/v1)" app_id=manager instance=DESKTOP-Q56Q0JP scope=dapr.runtime.processor type=log ver=1.13.5
time="2024-07-15T18:24:02.5132855+03:00" level=info msg="All outstanding components processed" app_id=manager instance=DESKTOP-Q56Q0JP scope=dapr.runtime type=log ver=1.13.5
time="2024-07-15T18:24:02.5132855+03:00" level=info msg="Loading endpoints…" app_id=manager instance=DESKTOP-Q56Q0JP scope=dapr.runtime type=log ver=1.13.5
time="2024-07-15T18:24:02.5155499+03:00" level=info msg="Waiting for all outstanding http endpoints to be processed…" app_id=manager instance=DESKTOP-Q56Q0JP scope=dapr.runtime type=log ver=1.13.5
time="2024-07-15T18:24:02.5155799+03:00" level=info msg="All outstanding http endpoints processed" app_id=manager instance=DESKTOP-Q56Q0JP scope=dapr.runtime type=log ver=1.13.5
time="2024-07-15T18:24:02.5155799+03:00" level=warning msg="App channel is not initialized. Did you configure an app-port?" app_id=manager instance=DESKTOP-Q56Q0JP scope=dapr.runtime.channels type=log ver=1.13.5
time="2024-07-15T18:24:02.5160882+03:00" level=info msg="gRPC server listening on TCP address: :49528" app_id=manager instance=DESKTOP-Q56Q0JP scope=dapr.runtime.grpc.api type=log ver=1.13.5
time="2024-07-15T18:24:02.5161176+03:00" level=info msg="Enabled gRPC tracing middleware" app_id=manager instance=DESKTOP-Q56Q0JP scope=dapr.runtime.grpc.api type=log ver=1.13.5
time="2024-07-15T18:24:02.5161176+03:00" level=info msg="Enabled gRPC metrics middleware" app_id=manager instance=DESKTOP-Q56Q0JP scope=dapr.runtime.grpc.api type=log ver=1.13.5
time="2024-07-15T18:24:02.5161176+03:00" level=info msg="Registering workflow engine for gRPC endpoint: [::]:49528" app_id=manager instance=DESKTOP-Q56Q0JP scope=dapr.runtime.grpc.api type=log ver=1.13.5
time="2024-07-15T18:24:02.5161176+03:00" level=info msg="API gRPC server is running on port 49528" app_id=manager instance=DESKTOP-Q56Q0JP scope=dapr.runtime type=log ver=1.13.5
time="2024-07-15T18:24:02.5161176+03:00" level=info msg="Enabled max body size HTTP middleware with size 4 MB" app_id=manager instance=DESKTOP-Q56Q0JP scope=dapr.runtime.http type=log ver=1.13.5
time="2024-07-15T18:24:02.5161176+03:00" level=info msg="Enabled tracing HTTP middleware" app_id=manager instance=DESKTOP-Q56Q0JP scope=dapr.runtime.http type=log ver=1.13.5
time="2024-07-15T18:24:02.5166503+03:00" level=info msg="Enabled metrics HTTP middleware" app_id=manager instance=DESKTOP-Q56Q0JP scope=dapr.runtime.http type=log ver=1.13.5
time="2024-07-15T18:24:02.5171897+03:00" level=info msg="HTTP server listening on TCP address: :49527" app_id=manager instance=DESKTOP-Q56Q0JP scope=dapr.runtime.http type=log ver=1.13.5
time="2024-07-15T18:24:02.5171897+03:00" level=info msg="HTTP server is running on port 49527" app_id=manager instance=DESKTOP-Q56Q0JP scope=dapr.runtime type=log ver=1.13.5
time="2024-07-15T18:24:02.5171897+03:00" level=info msg="The request body size parameter is: 4" app_id=manager instance=DESKTOP-Q56Q0JP scope=dapr.runtime type=log ver=1.13.5
time="2024-07-15T18:24:02.5171897+03:00" level=info msg="gRPC server listening on TCP address: :49530" app_id=manager instance=DESKTOP-Q56Q0JP scope=dapr.runtime.grpc.internal type=log ver=1.13.5
time="2024-07-15T18:24:02.5177242+03:00" level=info msg="Enabled gRPC tracing middleware" app_id=manager instance=DESKTOP-Q56Q0JP scope=dapr.runtime.grpc.internal type=log ver=1.13.5
time="2024-07-15T18:24:02.5177242+03:00" level=info msg="Enabled gRPC metrics middleware" app_id=manager instance=DESKTOP-Q56Q0JP scope=dapr.runtime.grpc.internal type=log ver=1.13.5
time="2024-07-15T18:24:02.5177242+03:00" level=info msg="Internal gRPC server is running on port 49530" app_id=manager instance=DESKTOP-Q56Q0JP scope=dapr.runtime type=log ver=1.13.5
time="2024-07-15T18:24:02.5177242+03:00" level=info msg="Configuring actors placement provider 'placement'. Configuration: 'placement:localhost:6050'" app_id=manager instance=DESKTOP-Q56Q0JP scope=dapr.runtime.actor type=log ver=1.13.5
time="2024-07-15T18:24:02.5182355+03:00" level=info msg="Configuring actor reminders provider 'default'. Configuration: ''" app_id=manager instance=DESKTOP-Q56Q0JP scope=dapr.runtime.actor type=log ver=1.13.5
time="2024-07-15T18:24:02.5183363+03:00" level=info msg="Actor runtime started. Actor idle timeout: 1h0m0s. Actor scan interval: 30s" app_id=manager instance=DESKTOP-Q56Q0JP scope=dapr.runtime.actor type=log ver=1.13.5
time="2024-07-15T18:24:02.5183363+03:00" level=info msg="Configuring workflow engine with actors backend" app_id=manager instance=DESKTOP-Q56Q0JP scope=dapr.runtime type=log ver=1.13.5
time="2024-07-15T18:24:02.5183363+03:00" level=info msg="Registering component for dapr workflow engine..." app_id=manager instance=DESKTOP-Q56Q0JP scope=dapr.runtime type=log ver=1.13.5
time="2024-07-15T18:24:02.5183363+03:00" level=info msg="Initializing Dapr workflow component" app_id=manager component="dapr (workflow.dapr/v1)" instance=DESKTOP-Q56Q0JP scope=dapr.contrib type=log ver=1.13.5
time="2024-07-15T18:24:02.5183363+03:00" level=info msg="Workflow engine initialized." app_id=manager instance=DESKTOP-Q56Q0JP scope=dapr.runtime type=log ver=1.13.5
time="2024-07-15T18:24:02.5183363+03:00" level=warning msg="app channel not initialized, make sure -app-port is specified if pubsub subscription is required" app_id=manager instance=DESKTOP-Q56Q0JP scope=dapr.runtime.processor.pubsub type=log ver=1.13.5
time="2024-07-15T18:24:02.5183363+03:00" level=warning msg="failed to read from bindings: app channel not initialized " app_id=manager instance=DESKTOP-Q56Q0JP scope=dapr.runtime type=log ver=1.13.5
time="2024-07-15T18:24:02.5183363+03:00" level=info msg="dapr initialized. Status: Running. Init Elapsed 156ms" app_id=manager instance=DESKTOP-Q56Q0JP scope=dapr.runtime type=log ver=1.13.5
Checking if Dapr sidecar is listening on GRPC port 49528
Dapr sidecar is up and running.
Updating metadata for cliPID: 14668
Updating metadata for app command: npm start
Updating metadata for appPID: 14800
You're up and running! Dapr logs will appear here.

time="2024-07-15T18:24:25.7620065+03:00" level=info msg="Received signal 'interrupt'; beginning shutdown" app_id=manager instance=DESKTOP-Q56Q0JP scope=dapr.signals type=log ver=1.13.5
time="2024-07-15T18:24:25.763355+03:00" level=info msg="Dapr is shutting down" app_id=manager instance=DESKTOP-Q56Q0JP scope=dapr.runtime type=log ver=1.13.5
time="2024-07-15T18:24:25.763355+03:00" level=info msg="Shutting down component statestore (state.redis/v1)" app_id=manager instance=DESKTOP-Q56Q0JP scope=dapr.runtime type=log ver=1.13.5
time="2024-07-15T18:24:25.7638656+03:00" level=info msg="Shutting down workflow engine" app_id=manager instance=DESKTOP-Q56Q0JP scope=dapr.runtime type=log ver=1.13.5
time="2024-07-15T18:24:25.7638656+03:00" level=info msg="Shutting down actor" app_id=manager instance=DESKTOP-Q56Q0JP scope=dapr.runtime type=log ver=1.13.5
time="2024-07-15T18:24:25.7638656+03:00" level=info msg="Closing HTTP server [::]:49527…" app_id=manager instance=DESKTOP-Q56Q0JP scope=dapr.runtime.http type=log ver=1.13.5
time="2024-07-15T18:24:25.7638656+03:00" level=info msg="stopping mDNS server for app id: manager" app_id=manager component="nr (mdns/v1)" instance=DESKTOP-Q56Q0JP scope=dapr.contrib type=log ver=1.13.5
time="2024-07-15T18:24:25.7638656+03:00" level=info msg="Shutting down component pubsub (pubsub.redis/v1)" app_id=manager instance=DESKTOP-Q56Q0JP scope=dapr.runtime type=log ver=1.13.5
time="2024-07-15T18:24:25.7638656+03:00" level=info msg="Dapr runtime stopped" app_id=manager instance=DESKTOP-Q56Q0JP scope=dapr.runtime type=log ver=1.13.5
time="2024-07-15T18:24:25.7741629+03:00" level=info msg="Daprd shutdown gracefully" app_id=manager instance=DESKTOP-Q56Q0JP scope=dapr.runtime type=log ver=1.13.5

termination signal received: shutting down
Error exiting Dapr: invalid argument
