Starting Dapr with id manager. HTTP Port: 63782. gRPC Port: 63783
Updating metadata for cliPID: 14772
time="2024-07-15T18:15:26.0295634+03:00" level=info msg="Starting Dapr Runtime -- version 1.13.5 -- commit e490e58f62110ecdc430d2f39d57428729a487ea" app_id=manager instance=DESKTOP-Q56Q0JP scope=dapr.runtime type=log ver=1.13.5
time="2024-07-15T18:15:26.0295634+03:00" level=info msg="Log level set to: info" app_id=manager instance=DESKTOP-Q56Q0JP scope=dapr.runtime type=log ver=1.13.5
time="2024-07-15T18:15:26.0295634+03:00" level=warning msg="mTLS is disabled. Skipping certificate request and tls validation" app_id=manager instance=DESKTOP-Q56Q0JP scope=dapr.runtime.security type=log ver=1.13.5
time="2024-07-15T18:15:26.0295634+03:00" level=warning msg="The default value for 'spec.metric.http.increasedCardinality' will change to 'false' in Dapr 1.14" app_id=manager instance=DESKTOP-Q56Q0JP scope=dapr.runtime type=log ver=1.13.5
time="2024-07-15T18:15:26.0395784+03:00" level=info msg="metrics server started on :63784/" app_id=manager instance=DESKTOP-Q56Q0JP scope=dapr.runtime type=log ver=1.13.5
time="2024-07-15T18:15:26.0395784+03:00" level=info msg="standalone mode configured" app_id=manager instance=DESKTOP-Q56Q0JP scope=dapr.runtime type=log ver=1.13.5
time="2024-07-15T18:15:26.0397334+03:00" level=info msg="app id: manager" app_id=manager instance=DESKTOP-Q56Q0JP scope=dapr.runtime type=log ver=1.13.5
time="2024-07-15T18:15:26.0397334+03:00" level=info msg="Dapr trace sampler initialized: DaprTraceSampler(P=1.000000)" app_id=manager instance=DESKTOP-Q56Q0JP scope=dapr.runtime type=log ver=1.13.5
time="2024-07-15T18:15:26.1568789+03:00" level=info msg="local service entry announced: manager -> 192.168.1.157:63785" app_id=manager component="nr (mdns/v1)" instance=DESKTOP-Q56Q0JP scope=dapr.contrib type=log ver=1.13.5
time="2024-07-15T18:15:26.1568789+03:00" level=info msg="Initialized name resolution to mdns" app_id=manager instance=DESKTOP-Q56Q0JP scope=dapr.runtime type=log ver=1.13.5
time="2024-07-15T18:15:26.1568789+03:00" level=info msg="Loading components…" app_id=manager instance=DESKTOP-Q56Q0JP scope=dapr.runtime type=log ver=1.13.5
time="2024-07-15T18:15:26.2054325+03:00" level=info msg="Component loaded: pubsub (pubsub.redis/v1)" app_id=manager instance=DESKTOP-Q56Q0JP scope=dapr.runtime.processor type=log ver=1.13.5
time="2024-07-15T18:15:26.2054325+03:00" level=info msg="Waiting for all outstanding components to be processed…" app_id=manager instance=DESKTOP-Q56Q0JP scope=dapr.runtime type=log ver=1.13.5
time="2024-07-15T18:15:26.2221812+03:00" level=info msg="Using 'statestore' as actor state store" app_id=manager instance=DESKTOP-Q56Q0JP scope=dapr.runtime.processor.state type=log ver=1.13.5
time="2024-07-15T18:15:26.2230115+03:00" level=info msg="Component loaded: statestore (state.redis/v1)" app_id=manager instance=DESKTOP-Q56Q0JP scope=dapr.runtime.processor type=log ver=1.13.5
time="2024-07-15T18:15:26.2230115+03:00" level=info msg="All outstanding components processed" app_id=manager instance=DESKTOP-Q56Q0JP scope=dapr.runtime type=log ver=1.13.5
time="2024-07-15T18:15:26.2230115+03:00" level=info msg="Loading endpoints…" app_id=manager instance=DESKTOP-Q56Q0JP scope=dapr.runtime type=log ver=1.13.5
time="2024-07-15T18:15:26.2246597+03:00" level=info msg="Waiting for all outstanding http endpoints to be processed…" app_id=manager instance=DESKTOP-Q56Q0JP scope=dapr.runtime type=log ver=1.13.5
time="2024-07-15T18:15:26.2246597+03:00" level=info msg="All outstanding http endpoints processed" app_id=manager instance=DESKTOP-Q56Q0JP scope=dapr.runtime type=log ver=1.13.5
time="2024-07-15T18:15:26.2252005+03:00" level=info msg="gRPC server listening on TCP address: :63783" app_id=manager instance=DESKTOP-Q56Q0JP scope=dapr.runtime.grpc.api type=log ver=1.13.5
time="2024-07-15T18:15:26.2252005+03:00" level=info msg="Enabled gRPC tracing middleware" app_id=manager instance=DESKTOP-Q56Q0JP scope=dapr.runtime.grpc.api type=log ver=1.13.5
time="2024-07-15T18:15:26.2257093+03:00" level=info msg="Enabled gRPC metrics middleware" app_id=manager instance=DESKTOP-Q56Q0JP scope=dapr.runtime.grpc.api type=log ver=1.13.5
time="2024-07-15T18:15:26.2278012+03:00" level=info msg="Registering workflow engine for gRPC endpoint: [::]:63783" app_id=manager instance=DESKTOP-Q56Q0JP scope=dapr.runtime.grpc.api type=log ver=1.13.5
time="2024-07-15T18:15:26.2278749+03:00" level=info msg="API gRPC server is running on port 63783" app_id=manager instance=DESKTOP-Q56Q0JP scope=dapr.runtime type=log ver=1.13.5
time="2024-07-15T18:15:26.2278749+03:00" level=info msg="Enabled max body size HTTP middleware with size 4 MB" app_id=manager instance=DESKTOP-Q56Q0JP scope=dapr.runtime.http type=log ver=1.13.5
time="2024-07-15T18:15:26.2278749+03:00" level=info msg="Enabled tracing HTTP middleware" app_id=manager instance=DESKTOP-Q56Q0JP scope=dapr.runtime.http type=log ver=1.13.5
time="2024-07-15T18:15:26.2278749+03:00" level=info msg="Enabled metrics HTTP middleware" app_id=manager instance=DESKTOP-Q56Q0JP scope=dapr.runtime.http type=log ver=1.13.5
time="2024-07-15T18:15:26.2288766+03:00" level=info msg="HTTP server listening on TCP address: :63782" app_id=manager instance=DESKTOP-Q56Q0JP scope=dapr.runtime.http type=log ver=1.13.5
time="2024-07-15T18:15:26.2288766+03:00" level=info msg="HTTP server is running on port 63782" app_id=manager instance=DESKTOP-Q56Q0JP scope=dapr.runtime type=log ver=1.13.5
time="2024-07-15T18:15:26.2293446+03:00" level=info msg="The request body size parameter is: 4" app_id=manager instance=DESKTOP-Q56Q0JP scope=dapr.runtime type=log ver=1.13.5
time="2024-07-15T18:15:26.2293446+03:00" level=info msg="gRPC server listening on TCP address: :63785" app_id=manager instance=DESKTOP-Q56Q0JP scope=dapr.runtime.grpc.internal type=log ver=1.13.5
time="2024-07-15T18:15:26.229854+03:00" level=info msg="Enabled gRPC tracing middleware" app_id=manager instance=DESKTOP-Q56Q0JP scope=dapr.runtime.grpc.internal type=log ver=1.13.5
time="2024-07-15T18:15:26.229854+03:00" level=info msg="Enabled gRPC metrics middleware" app_id=manager instance=DESKTOP-Q56Q0JP scope=dapr.runtime.grpc.internal type=log ver=1.13.5
time="2024-07-15T18:15:26.229854+03:00" level=info msg="Internal gRPC server is running on port 63785" app_id=manager instance=DESKTOP-Q56Q0JP scope=dapr.runtime type=log ver=1.13.5
time="2024-07-15T18:15:26.229854+03:00" level=info msg="application protocol: http. waiting on port 5002.  This will block until the app is listening on that port." app_id=manager instance=DESKTOP-Q56Q0JP scope=dapr.runtime type=log ver=1.13.5
Updating metadata for app command: npm start
Updating metadata for appPID: 17980
You're up and running! Dapr logs will appear here.

time="2024-07-15T18:16:06.7497513+03:00" level=info msg="Received signal 'interrupt'; beginning shutdown" app_id=manager instance=DESKTOP-Q56Q0JP scope=dapr.signals type=log ver=1.13.5
time="2024-07-15T18:16:06.7502647+03:00" level=info msg="Dapr is shutting down" app_id=manager instance=DESKTOP-Q56Q0JP scope=dapr.runtime type=log ver=1.13.5
time="2024-07-15T18:16:06.7509959+03:00" level=info msg="Shutting down workflow engine" app_id=manager instance=DESKTOP-Q56Q0JP scope=dapr.runtime type=log ver=1.13.5
time="2024-07-15T18:16:06.7509959+03:00" level=info msg="Closing HTTP server [::]:63782…" app_id=manager instance=DESKTOP-Q56Q0JP scope=dapr.runtime.http type=log ver=1.13.5
time="2024-07-15T18:16:06.7509959+03:00" level=info msg="Shutting down component statestore (state.redis/v1)" app_id=manager instance=DESKTOP-Q56Q0JP scope=dapr.runtime type=log ver=1.13.5
time="2024-07-15T18:16:06.7509959+03:00" level=info msg="Shutting down component pubsub (pubsub.redis/v1)" app_id=manager instance=DESKTOP-Q56Q0JP scope=dapr.runtime type=log ver=1.13.5
time="2024-07-15T18:16:06.7515059+03:00" level=info msg="stopping mDNS server for app id: manager" app_id=manager component="nr (mdns/v1)" instance=DESKTOP-Q56Q0JP scope=dapr.contrib type=log ver=1.13.5
time="2024-07-15T18:16:06.7515059+03:00" level=info msg="Dapr runtime stopped" app_id=manager instance=DESKTOP-Q56Q0JP scope=dapr.runtime type=log ver=1.13.5

termination signal received: shutting down
time="2024-07-15T18:16:06.762889+03:00" level=info msg="Daprd shutdown gracefully" app_id=manager instance=DESKTOP-Q56Q0JP scope=dapr.runtime type=log ver=1.13.5
Error exiting Dapr: TerminateProcess: Access is denied.
