Starting Dapr with id notification-engine. HTTP Port: 49622. gRPC Port: 49623
Updating metadata for cliPID: 14464
time="2024-07-15T18:29:30.9721131+03:00" level=info msg="Starting Dapr Runtime -- version 1.13.5 -- commit e490e58f62110ecdc430d2f39d57428729a487ea" app_id=notification-engine instance=DESKTOP-Q56Q0JP scope=dapr.runtime type=log ver=1.13.5
time="2024-07-15T18:29:30.9721131+03:00" level=info msg="Log level set to: info" app_id=notification-engine instance=DESKTOP-Q56Q0JP scope=dapr.runtime type=log ver=1.13.5
time="2024-07-15T18:29:30.9721131+03:00" level=warning msg="mTLS is disabled. Skipping certificate request and tls validation" app_id=notification-engine instance=DESKTOP-Q56Q0JP scope=dapr.runtime.security type=log ver=1.13.5
time="2024-07-15T18:29:30.9721131+03:00" level=warning msg="The default value for 'spec.metric.http.increasedCardinality' will change to 'false' in Dapr 1.14" app_id=notification-engine instance=DESKTOP-Q56Q0JP scope=dapr.runtime type=log ver=1.13.5
time="2024-07-15T18:29:30.982219+03:00" level=info msg="standalone mode configured" app_id=notification-engine instance=DESKTOP-Q56Q0JP scope=dapr.runtime type=log ver=1.13.5
time="2024-07-15T18:29:30.982219+03:00" level=info msg="app id: notification-engine" app_id=notification-engine instance=DESKTOP-Q56Q0JP scope=dapr.runtime type=log ver=1.13.5
time="2024-07-15T18:29:30.982219+03:00" level=info msg="metrics server started on :49624/" app_id=notification-engine instance=DESKTOP-Q56Q0JP scope=dapr.runtime type=log ver=1.13.5
time="2024-07-15T18:29:30.982219+03:00" level=info msg="Dapr trace sampler initialized: DaprTraceSampler(P=1.000000)" app_id=notification-engine instance=DESKTOP-Q56Q0JP scope=dapr.runtime type=log ver=1.13.5
time="2024-07-15T18:29:31.0843136+03:00" level=info msg="local service entry announced: notification-engine -> 192.168.1.157:49625" app_id=notification-engine component="nr (mdns/v1)" instance=DESKTOP-Q56Q0JP scope=dapr.contrib type=log ver=1.13.5
time="2024-07-15T18:29:31.0843136+03:00" level=info msg="Initialized name resolution to mdns" app_id=notification-engine instance=DESKTOP-Q56Q0JP scope=dapr.runtime type=log ver=1.13.5
time="2024-07-15T18:29:31.0848225+03:00" level=info msg="Loading components…" app_id=notification-engine instance=DESKTOP-Q56Q0JP scope=dapr.runtime type=log ver=1.13.5
time="2024-07-15T18:29:31.1164257+03:00" level=info msg="Component loaded: pubsub (pubsub.redis/v1)" app_id=notification-engine instance=DESKTOP-Q56Q0JP scope=dapr.runtime.processor type=log ver=1.13.5
time="2024-07-15T18:29:31.1189624+03:00" level=info msg="Waiting for all outstanding components to be processed…" app_id=notification-engine instance=DESKTOP-Q56Q0JP scope=dapr.runtime type=log ver=1.13.5
time="2024-07-15T18:29:31.1292151+03:00" level=info msg="Using 'statestore' as actor state store" app_id=notification-engine instance=DESKTOP-Q56Q0JP scope=dapr.runtime.processor.state type=log ver=1.13.5
time="2024-07-15T18:29:31.1299087+03:00" level=info msg="Component loaded: statestore (state.redis/v1)" app_id=notification-engine instance=DESKTOP-Q56Q0JP scope=dapr.runtime.processor type=log ver=1.13.5
time="2024-07-15T18:29:31.1299087+03:00" level=info msg="All outstanding components processed" app_id=notification-engine instance=DESKTOP-Q56Q0JP scope=dapr.runtime type=log ver=1.13.5
time="2024-07-15T18:29:31.1299087+03:00" level=info msg="Loading endpoints…" app_id=notification-engine instance=DESKTOP-Q56Q0JP scope=dapr.runtime type=log ver=1.13.5
time="2024-07-15T18:29:31.1310523+03:00" level=info msg="Waiting for all outstanding http endpoints to be processed…" app_id=notification-engine instance=DESKTOP-Q56Q0JP scope=dapr.runtime type=log ver=1.13.5
time="2024-07-15T18:29:31.1310523+03:00" level=info msg="All outstanding http endpoints processed" app_id=notification-engine instance=DESKTOP-Q56Q0JP scope=dapr.runtime type=log ver=1.13.5
time="2024-07-15T18:29:31.1315958+03:00" level=info msg="gRPC server listening on TCP address: :49623" app_id=notification-engine instance=DESKTOP-Q56Q0JP scope=dapr.runtime.grpc.api type=log ver=1.13.5
time="2024-07-15T18:29:31.1315958+03:00" level=info msg="Enabled gRPC tracing middleware" app_id=notification-engine instance=DESKTOP-Q56Q0JP scope=dapr.runtime.grpc.api type=log ver=1.13.5
time="2024-07-15T18:29:31.1315958+03:00" level=info msg="Enabled gRPC metrics middleware" app_id=notification-engine instance=DESKTOP-Q56Q0JP scope=dapr.runtime.grpc.api type=log ver=1.13.5
time="2024-07-15T18:29:31.1321409+03:00" level=info msg="Registering workflow engine for gRPC endpoint: [::]:49623" app_id=notification-engine instance=DESKTOP-Q56Q0JP scope=dapr.runtime.grpc.api type=log ver=1.13.5
time="2024-07-15T18:29:31.1321409+03:00" level=info msg="API gRPC server is running on port 49623" app_id=notification-engine instance=DESKTOP-Q56Q0JP scope=dapr.runtime type=log ver=1.13.5
time="2024-07-15T18:29:31.1321409+03:00" level=info msg="Enabled max body size HTTP middleware with size 4 MB" app_id=notification-engine instance=DESKTOP-Q56Q0JP scope=dapr.runtime.http type=log ver=1.13.5
time="2024-07-15T18:29:31.1321409+03:00" level=info msg="Enabled tracing HTTP middleware" app_id=notification-engine instance=DESKTOP-Q56Q0JP scope=dapr.runtime.http type=log ver=1.13.5
time="2024-07-15T18:29:31.1321409+03:00" level=info msg="Enabled metrics HTTP middleware" app_id=notification-engine instance=DESKTOP-Q56Q0JP scope=dapr.runtime.http type=log ver=1.13.5
time="2024-07-15T18:29:31.1332182+03:00" level=info msg="HTTP server listening on TCP address: :49622" app_id=notification-engine instance=DESKTOP-Q56Q0JP scope=dapr.runtime.http type=log ver=1.13.5
time="2024-07-15T18:29:31.1332182+03:00" level=info msg="HTTP server is running on port 49622" app_id=notification-engine instance=DESKTOP-Q56Q0JP scope=dapr.runtime type=log ver=1.13.5
time="2024-07-15T18:29:31.1332182+03:00" level=info msg="The request body size parameter is: 4" app_id=notification-engine instance=DESKTOP-Q56Q0JP scope=dapr.runtime type=log ver=1.13.5
time="2024-07-15T18:29:31.133774+03:00" level=info msg="gRPC server listening on TCP address: :49625" app_id=notification-engine instance=DESKTOP-Q56Q0JP scope=dapr.runtime.grpc.internal type=log ver=1.13.5
time="2024-07-15T18:29:31.133774+03:00" level=info msg="Enabled gRPC tracing middleware" app_id=notification-engine instance=DESKTOP-Q56Q0JP scope=dapr.runtime.grpc.internal type=log ver=1.13.5
time="2024-07-15T18:29:31.133774+03:00" level=info msg="Enabled gRPC metrics middleware" app_id=notification-engine instance=DESKTOP-Q56Q0JP scope=dapr.runtime.grpc.internal type=log ver=1.13.5
time="2024-07-15T18:29:31.133774+03:00" level=info msg="Internal gRPC server is running on port 49625" app_id=notification-engine instance=DESKTOP-Q56Q0JP scope=dapr.runtime type=log ver=1.13.5
time="2024-07-15T18:29:31.1343086+03:00" level=info msg="application protocol: http. waiting on port 3000.  This will block until the app is listening on that port." app_id=notification-engine instance=DESKTOP-Q56Q0JP scope=dapr.runtime type=log ver=1.13.5
Updating metadata for app command: npm start
Updating metadata for appPID: 6008
You're up and running! Dapr logs will appear here.

time="2024-07-15T18:29:33.0903525+03:00" level=info msg="application discovered on port 3000" app_id=notification-engine instance=DESKTOP-Q56Q0JP scope=dapr.runtime type=log ver=1.13.5
time="2024-07-15T18:29:33.1118226+03:00" level=info msg="Application configuration loaded" app_id=notification-engine instance=DESKTOP-Q56Q0JP scope=dapr.runtime type=log ver=1.13.5
time="2024-07-15T18:29:33.1118226+03:00" level=info msg="Configuring actors placement provider 'placement'. Configuration: 'placement:localhost:6050'" app_id=notification-engine instance=DESKTOP-Q56Q0JP scope=dapr.runtime.actor type=log ver=1.13.5
time="2024-07-15T18:29:33.1118226+03:00" level=info msg="Configuring actor reminders provider 'default'. Configuration: ''" app_id=notification-engine instance=DESKTOP-Q56Q0JP scope=dapr.runtime.actor type=log ver=1.13.5
time="2024-07-15T18:29:33.1126116+03:00" level=info msg="Actor runtime started. Actor idle timeout: 1h0m0s. Actor scan interval: 30s" app_id=notification-engine instance=DESKTOP-Q56Q0JP scope=dapr.runtime.actor type=log ver=1.13.5
time="2024-07-15T18:29:33.1126116+03:00" level=info msg="Configuring workflow engine with actors backend" app_id=notification-engine instance=DESKTOP-Q56Q0JP scope=dapr.runtime type=log ver=1.13.5
time="2024-07-15T18:29:33.1126116+03:00" level=info msg="Registering component for dapr workflow engine..." app_id=notification-engine instance=DESKTOP-Q56Q0JP scope=dapr.runtime type=log ver=1.13.5
time="2024-07-15T18:29:33.1126116+03:00" level=info msg="Initializing Dapr workflow component" app_id=notification-engine component="dapr (workflow.dapr/v1)" instance=DESKTOP-Q56Q0JP scope=dapr.contrib type=log ver=1.13.5
time="2024-07-15T18:29:33.1126116+03:00" level=info msg="Workflow engine initialized." app_id=notification-engine instance=DESKTOP-Q56Q0JP scope=dapr.runtime type=log ver=1.13.5
time="2024-07-15T18:29:33.1172773+03:00" level=info msg="dapr initialized. Status: Running. Init Elapsed 2135ms" app_id=notification-engine instance=DESKTOP-Q56Q0JP scope=dapr.runtime type=log ver=1.13.5
time="2024-07-15T18:29:48.3635366+03:00" level=info msg="Received signal 'interrupt'; beginning shutdown" app_id=notification-engine instance=DESKTOP-Q56Q0JP scope=dapr.signals type=log ver=1.13.5
time="2024-07-15T18:29:48.3648608+03:00" level=info msg="Dapr is shutting down" app_id=notification-engine instance=DESKTOP-Q56Q0JP scope=dapr.runtime type=log ver=1.13.5
time="2024-07-15T18:29:48.3648608+03:00" level=info msg="Shutting down component statestore (state.redis/v1)" app_id=notification-engine instance=DESKTOP-Q56Q0JP scope=dapr.runtime type=log ver=1.13.5
time="2024-07-15T18:29:48.3648608+03:00" level=info msg="Shutting down workflow engine" app_id=notification-engine instance=DESKTOP-Q56Q0JP scope=dapr.runtime type=log ver=1.13.5
time="2024-07-15T18:29:48.3648608+03:00" level=info msg="Shutting down actor" app_id=notification-engine instance=DESKTOP-Q56Q0JP scope=dapr.runtime type=log ver=1.13.5
time="2024-07-15T18:29:48.3653786+03:00" level=info msg="Closing HTTP server [::]:49622…" app_id=notification-engine instance=DESKTOP-Q56Q0JP scope=dapr.runtime.http type=log ver=1.13.5
time="2024-07-15T18:29:48.3653786+03:00" level=info msg="Shutting down component pubsub (pubsub.redis/v1)" app_id=notification-engine instance=DESKTOP-Q56Q0JP scope=dapr.runtime type=log ver=1.13.5
time="2024-07-15T18:29:48.3653786+03:00" level=info msg="stopping mDNS server for app id: notification-engine" app_id=notification-engine component="nr (mdns/v1)" instance=DESKTOP-Q56Q0JP scope=dapr.contrib type=log ver=1.13.5
time="2024-07-15T18:29:48.3653786+03:00" level=info msg="Dapr runtime stopped" app_id=notification-engine instance=DESKTOP-Q56Q0JP scope=dapr.runtime type=log ver=1.13.5
time="2024-07-15T18:29:48.3653786+03:00" level=info msg="Daprd shutdown gracefully" app_id=notification-engine instance=DESKTOP-Q56Q0JP scope=dapr.runtime type=log ver=1.13.5

termination signal received: shutting down
Error exiting Dapr: TerminateProcess: Access is denied.
Exited App successfully
