== APP - notification-engine == 
== APP - notification-engine == > notification-engine@1.0.0 start
== APP - notification-engine == > node index.js
== APP - notification-engine == 
== APP - notification-engine == node:internal/modules/cjs/loader:1147
== APP - notification-engine ==   throw err;
== APP - notification-engine ==   ^
== APP - notification-engine == 
== APP - notification-engine == Error: Cannot find module 'express'
== APP - notification-engine == Require stack:
== APP - notification-engine == - C:\Users\USER\Documents\computer science\zionet-course\NewsUpdateAggregator-javascript\notification-engine\index.js
== APP - notification-engine ==     at Module._resolveFilename (node:internal/modules/cjs/loader:1144:15)
== APP - notification-engine ==     at Module._load (node:internal/modules/cjs/loader:985:27)
== APP - notification-engine ==     at Module.require (node:internal/modules/cjs/loader:1235:19)
== APP - notification-engine ==     at require (node:internal/modules/helpers:176:18)
== APP - notification-engine ==     at Object.<anonymous> (C:\Users\USER\Documents\computer science\zionet-course\NewsUpdateAggregator-javascript\notification-engine\index.js:1:17)
== APP - notification-engine ==     at Module._compile (node:internal/modules/cjs/loader:1376:14)
== APP - notification-engine ==     at Module._extensions..js (node:internal/modules/cjs/loader:1435:10)
== APP - notification-engine ==     at Module.load (node:internal/modules/cjs/loader:1207:32)
== APP - notification-engine ==     at Module._load (node:internal/modules/cjs/loader:1023:12)
== APP - notification-engine ==     at Function.executeUserEntryPoint [as runMain] (node:internal/modules/run_main:135:12) {
== APP - notification-engine ==   code: 'MODULE_NOT_FOUND',
== APP - notification-engine ==   requireStack: [
== APP - notification-engine ==     'C:\\Users\\USER\\Documents\\computer science\\zionet-course\\NewsUpdateAggregator-javascript\\notification-engine\\index.js'
== APP - notification-engine ==   ]
== APP - notification-engine == }
== APP - notification-engine == 
== APP - notification-engine == Node.js v20.11.0
The App process exited with error code: exit status 1

termination signal received: shutting down
Error exiting App: exit status 1
