Starting Dapr with id notification-engine. HTTP Port: 49741. gRPC Port: 49742
Updating metadata for cliPID: 17660
time="2024-07-15T18:30:15.8146679+03:00" level=info msg="Starting Dapr Runtime -- version 1.13.5 -- commit e490e58f62110ecdc430d2f39d57428729a487ea" app_id=notification-engine instance=DESKTOP-Q56Q0JP scope=dapr.runtime type=log ver=1.13.5
time="2024-07-15T18:30:15.8146679+03:00" level=info msg="Log level set to: info" app_id=notification-engine instance=DESKTOP-Q56Q0JP scope=dapr.runtime type=log ver=1.13.5
time="2024-07-15T18:30:15.8146679+03:00" level=warning msg="mTLS is disabled. Skipping certificate request and tls validation" app_id=notification-engine instance=DESKTOP-Q56Q0JP scope=dapr.runtime.security type=log ver=1.13.5
time="2024-07-15T18:30:15.8168492+03:00" level=warning msg="The default value for 'spec.metric.http.increasedCardinality' will change to 'false' in Dapr 1.14" app_id=notification-engine instance=DESKTOP-Q56Q0JP scope=dapr.runtime type=log ver=1.13.5
time="2024-07-15T18:30:15.8184643+03:00" level=info msg="standalone mode configured" app_id=notification-engine instance=DESKTOP-Q56Q0JP scope=dapr.runtime type=log ver=1.13.5
time="2024-07-15T18:30:15.8184643+03:00" level=info msg="app id: notification-engine" app_id=notification-engine instance=DESKTOP-Q56Q0JP scope=dapr.runtime type=log ver=1.13.5
time="2024-07-15T18:30:15.8184643+03:00" level=info msg="metrics server started on :49743/" app_id=notification-engine instance=DESKTOP-Q56Q0JP scope=dapr.runtime type=log ver=1.13.5
time="2024-07-15T18:30:15.8189973+03:00" level=info msg="Dapr trace sampler initialized: DaprTraceSampler(P=1.000000)" app_id=notification-engine instance=DESKTOP-Q56Q0JP scope=dapr.runtime type=log ver=1.13.5
time="2024-07-15T18:30:15.9308399+03:00" level=info msg="local service entry announced: notification-engine -> 192.168.1.157:49744" app_id=notification-engine component="nr (mdns/v1)" instance=DESKTOP-Q56Q0JP scope=dapr.contrib type=log ver=1.13.5
time="2024-07-15T18:30:15.9308399+03:00" level=info msg="Initialized name resolution to mdns" app_id=notification-engine instance=DESKTOP-Q56Q0JP scope=dapr.runtime type=log ver=1.13.5
time="2024-07-15T18:30:15.9313523+03:00" level=info msg="Loading components…" app_id=notification-engine instance=DESKTOP-Q56Q0JP scope=dapr.runtime type=log ver=1.13.5
time="2024-07-15T18:30:15.9661044+03:00" level=info msg="Component loaded: pubsub (pubsub.redis/v1)" app_id=notification-engine instance=DESKTOP-Q56Q0JP scope=dapr.runtime.processor type=log ver=1.13.5
time="2024-07-15T18:30:15.9684705+03:00" level=info msg="Waiting for all outstanding components to be processed…" app_id=notification-engine instance=DESKTOP-Q56Q0JP scope=dapr.runtime type=log ver=1.13.5
time="2024-07-15T18:30:15.9791618+03:00" level=info msg="Using 'statestore' as actor state store" app_id=notification-engine instance=DESKTOP-Q56Q0JP scope=dapr.runtime.processor.state type=log ver=1.13.5
time="2024-07-15T18:30:15.9798585+03:00" level=info msg="Component loaded: statestore (state.redis/v1)" app_id=notification-engine instance=DESKTOP-Q56Q0JP scope=dapr.runtime.processor type=log ver=1.13.5
time="2024-07-15T18:30:15.9798585+03:00" level=info msg="All outstanding components processed" app_id=notification-engine instance=DESKTOP-Q56Q0JP scope=dapr.runtime type=log ver=1.13.5
time="2024-07-15T18:30:15.9798585+03:00" level=info msg="Loading endpoints…" app_id=notification-engine instance=DESKTOP-Q56Q0JP scope=dapr.runtime type=log ver=1.13.5
time="2024-07-15T18:30:15.9809403+03:00" level=info msg="Waiting for all outstanding http endpoints to be processed…" app_id=notification-engine instance=DESKTOP-Q56Q0JP scope=dapr.runtime type=log ver=1.13.5
time="2024-07-15T18:30:15.9809403+03:00" level=info msg="All outstanding http endpoints processed" app_id=notification-engine instance=DESKTOP-Q56Q0JP scope=dapr.runtime type=log ver=1.13.5
time="2024-07-15T18:30:15.9814799+03:00" level=info msg="gRPC server listening on TCP address: :49742" app_id=notification-engine instance=DESKTOP-Q56Q0JP scope=dapr.runtime.grpc.api type=log ver=1.13.5
time="2024-07-15T18:30:15.9814799+03:00" level=info msg="Enabled gRPC tracing middleware" app_id=notification-engine instance=DESKTOP-Q56Q0JP scope=dapr.runtime.grpc.api type=log ver=1.13.5
time="2024-07-15T18:30:15.9814799+03:00" level=info msg="Enabled gRPC metrics middleware" app_id=notification-engine instance=DESKTOP-Q56Q0JP scope=dapr.runtime.grpc.api type=log ver=1.13.5
time="2024-07-15T18:30:15.9821414+03:00" level=info msg="Registering workflow engine for gRPC endpoint: [::]:49742" app_id=notification-engine instance=DESKTOP-Q56Q0JP scope=dapr.runtime.grpc.api type=log ver=1.13.5
time="2024-07-15T18:30:15.9821414+03:00" level=info msg="API gRPC server is running on port 49742" app_id=notification-engine instance=DESKTOP-Q56Q0JP scope=dapr.runtime type=log ver=1.13.5
time="2024-07-15T18:30:15.9821414+03:00" level=info msg="Enabled max body size HTTP middleware with size 4 MB" app_id=notification-engine instance=DESKTOP-Q56Q0JP scope=dapr.runtime.http type=log ver=1.13.5
time="2024-07-15T18:30:15.9821414+03:00" level=info msg="Enabled tracing HTTP middleware" app_id=notification-engine instance=DESKTOP-Q56Q0JP scope=dapr.runtime.http type=log ver=1.13.5
time="2024-07-15T18:30:15.9821414+03:00" level=info msg="Enabled metrics HTTP middleware" app_id=notification-engine instance=DESKTOP-Q56Q0JP scope=dapr.runtime.http type=log ver=1.13.5
time="2024-07-15T18:30:15.9826875+03:00" level=info msg="HTTP server listening on TCP address: :49741" app_id=notification-engine instance=DESKTOP-Q56Q0JP scope=dapr.runtime.http type=log ver=1.13.5
time="2024-07-15T18:30:15.9832994+03:00" level=info msg="HTTP server is running on port 49741" app_id=notification-engine instance=DESKTOP-Q56Q0JP scope=dapr.runtime type=log ver=1.13.5
time="2024-07-15T18:30:15.9832994+03:00" level=info msg="The request body size parameter is: 4" app_id=notification-engine instance=DESKTOP-Q56Q0JP scope=dapr.runtime type=log ver=1.13.5
time="2024-07-15T18:30:15.9832994+03:00" level=info msg="gRPC server listening on TCP address: :49744" app_id=notification-engine instance=DESKTOP-Q56Q0JP scope=dapr.runtime.grpc.internal type=log ver=1.13.5
time="2024-07-15T18:30:15.9832994+03:00" level=info msg="Enabled gRPC tracing middleware" app_id=notification-engine instance=DESKTOP-Q56Q0JP scope=dapr.runtime.grpc.internal type=log ver=1.13.5
time="2024-07-15T18:30:15.9832994+03:00" level=info msg="Enabled gRPC metrics middleware" app_id=notification-engine instance=DESKTOP-Q56Q0JP scope=dapr.runtime.grpc.internal type=log ver=1.13.5
time="2024-07-15T18:30:15.9832994+03:00" level=info msg="Internal gRPC server is running on port 49744" app_id=notification-engine instance=DESKTOP-Q56Q0JP scope=dapr.runtime type=log ver=1.13.5
time="2024-07-15T18:30:15.9838409+03:00" level=info msg="application protocol: http. waiting on port 3000.  This will block until the app is listening on that port." app_id=notification-engine instance=DESKTOP-Q56Q0JP scope=dapr.runtime type=log ver=1.13.5
Updating metadata for app command: npm start
Updating metadata for appPID: 12968
You're up and running! Dapr logs will appear here.

time="2024-07-15T18:30:18.0714104+03:00" level=info msg="application discovered on port 3000" app_id=notification-engine instance=DESKTOP-Q56Q0JP scope=dapr.runtime type=log ver=1.13.5
time="2024-07-15T18:30:18.0884695+03:00" level=info msg="Application configuration loaded" app_id=notification-engine instance=DESKTOP-Q56Q0JP scope=dapr.runtime type=log ver=1.13.5
time="2024-07-15T18:30:18.0884695+03:00" level=info msg="Configuring actors placement provider 'placement'. Configuration: 'placement:localhost:6050'" app_id=notification-engine instance=DESKTOP-Q56Q0JP scope=dapr.runtime.actor type=log ver=1.13.5
time="2024-07-15T18:30:18.0889823+03:00" level=info msg="Configuring actor reminders provider 'default'. Configuration: ''" app_id=notification-engine instance=DESKTOP-Q56Q0JP scope=dapr.runtime.actor type=log ver=1.13.5
time="2024-07-15T18:30:18.0889823+03:00" level=info msg="Actor runtime started. Actor idle timeout: 1h0m0s. Actor scan interval: 30s" app_id=notification-engine instance=DESKTOP-Q56Q0JP scope=dapr.runtime.actor type=log ver=1.13.5
time="2024-07-15T18:30:18.0889823+03:00" level=info msg="Configuring workflow engine with actors backend" app_id=notification-engine instance=DESKTOP-Q56Q0JP scope=dapr.runtime type=log ver=1.13.5
time="2024-07-15T18:30:18.0889823+03:00" level=info msg="Registering component for dapr workflow engine..." app_id=notification-engine instance=DESKTOP-Q56Q0JP scope=dapr.runtime type=log ver=1.13.5
time="2024-07-15T18:30:18.0889823+03:00" level=info msg="Initializing Dapr workflow component" app_id=notification-engine component="dapr (workflow.dapr/v1)" instance=DESKTOP-Q56Q0JP scope=dapr.contrib type=log ver=1.13.5
time="2024-07-15T18:30:18.0889823+03:00" level=info msg="Workflow engine initialized." app_id=notification-engine instance=DESKTOP-Q56Q0JP scope=dapr.runtime type=log ver=1.13.5
time="2024-07-15T18:30:18.0962492+03:00" level=info msg="dapr initialized. Status: Running. Init Elapsed 2277ms" app_id=notification-engine instance=DESKTOP-Q56Q0JP scope=dapr.runtime type=log ver=1.13.5
time="2024-07-15T18:30:25.4434153+03:00" level=info msg="Received signal 'interrupt'; beginning shutdown" app_id=notification-engine instance=DESKTOP-Q56Q0JP scope=dapr.signals type=log ver=1.13.5
time="2024-07-15T18:30:25.4537694+03:00" level=info msg="Dapr is shutting down" app_id=notification-engine instance=DESKTOP-Q56Q0JP scope=dapr.runtime type=log ver=1.13.5
time="2024-07-15T18:30:25.4537694+03:00" level=info msg="Shutting down component statestore (state.redis/v1)" app_id=notification-engine instance=DESKTOP-Q56Q0JP scope=dapr.runtime type=log ver=1.13.5
time="2024-07-15T18:30:25.4537694+03:00" level=info msg="Shutting down workflow engine" app_id=notification-engine instance=DESKTOP-Q56Q0JP scope=dapr.runtime type=log ver=1.13.5
time="2024-07-15T18:30:25.4537694+03:00" level=info msg="Shutting down actor" app_id=notification-engine instance=DESKTOP-Q56Q0JP scope=dapr.runtime type=log ver=1.13.5
time="2024-07-15T18:30:25.4547752+03:00" level=info msg="Closing HTTP server [::]:49741…" app_id=notification-engine instance=DESKTOP-Q56Q0JP scope=dapr.runtime.http type=log ver=1.13.5
time="2024-07-15T18:30:25.4547752+03:00" level=info msg="Shutting down component pubsub (pubsub.redis/v1)" app_id=notification-engine instance=DESKTOP-Q56Q0JP scope=dapr.runtime type=log ver=1.13.5
time="2024-07-15T18:30:25.4569476+03:00" level=info msg="stopping mDNS server for app id: notification-engine" app_id=notification-engine component="nr (mdns/v1)" instance=DESKTOP-Q56Q0JP scope=dapr.contrib type=log ver=1.13.5
time="2024-07-15T18:30:25.459948+03:00" level=info msg="Dapr runtime stopped" app_id=notification-engine instance=DESKTOP-Q56Q0JP scope=dapr.runtime type=log ver=1.13.5

termination signal received: shutting down
time="2024-07-15T18:30:25.4768172+03:00" level=info msg="Daprd shutdown gracefully" app_id=notification-engine instance=DESKTOP-Q56Q0JP scope=dapr.runtime type=log ver=1.13.5
Error exiting Dapr: TerminateProcess: Access is denied.
Exited App successfully
