Starting Dapr with id notification-engine. HTTP Port: 65293. gRPC Port: 65294
Updating metadata for cliPID: 544
time="2024-07-15T18:20:01.1798058+03:00" level=info msg="Starting Dapr Runtime -- version 1.13.5 -- commit e490e58f62110ecdc430d2f39d57428729a487ea" app_id=notification-engine instance=DESKTOP-Q56Q0JP scope=dapr.runtime type=log ver=1.13.5
time="2024-07-15T18:20:01.1798058+03:00" level=info msg="Log level set to: info" app_id=notification-engine instance=DESKTOP-Q56Q0JP scope=dapr.runtime type=log ver=1.13.5
time="2024-07-15T18:20:01.1798058+03:00" level=warning msg="mTLS is disabled. Skipping certificate request and tls validation" app_id=notification-engine instance=DESKTOP-Q56Q0JP scope=dapr.runtime.security type=log ver=1.13.5
time="2024-07-15T18:20:01.1798058+03:00" level=warning msg="The default value for 'spec.metric.http.increasedCardinality' will change to 'false' in Dapr 1.14" app_id=notification-engine instance=DESKTOP-Q56Q0JP scope=dapr.runtime type=log ver=1.13.5
time="2024-07-15T18:20:01.1798058+03:00" level=info msg="metrics server started on :65295/" app_id=notification-engine instance=DESKTOP-Q56Q0JP scope=dapr.runtime type=log ver=1.13.5
time="2024-07-15T18:20:01.1798058+03:00" level=info msg="standalone mode configured" app_id=notification-engine instance=DESKTOP-Q56Q0JP scope=dapr.runtime type=log ver=1.13.5
time="2024-07-15T18:20:01.1798058+03:00" level=info msg="app id: notification-engine" app_id=notification-engine instance=DESKTOP-Q56Q0JP scope=dapr.runtime type=log ver=1.13.5
time="2024-07-15T18:20:01.1798058+03:00" level=info msg="Dapr trace sampler initialized: DaprTraceSampler(P=1.000000)" app_id=notification-engine instance=DESKTOP-Q56Q0JP scope=dapr.runtime type=log ver=1.13.5
time="2024-07-15T18:20:01.2962091+03:00" level=info msg="local service entry announced: notification-engine -> 192.168.1.157:65296" app_id=notification-engine component="nr (mdns/v1)" instance=DESKTOP-Q56Q0JP scope=dapr.contrib type=log ver=1.13.5
time="2024-07-15T18:20:01.2962091+03:00" level=info msg="Initialized name resolution to mdns" app_id=notification-engine instance=DESKTOP-Q56Q0JP scope=dapr.runtime type=log ver=1.13.5
time="2024-07-15T18:20:01.2967243+03:00" level=info msg="Loading components…" app_id=notification-engine instance=DESKTOP-Q56Q0JP scope=dapr.runtime type=log ver=1.13.5
time="2024-07-15T18:20:01.3340157+03:00" level=info msg="Component loaded: pubsub (pubsub.redis/v1)" app_id=notification-engine instance=DESKTOP-Q56Q0JP scope=dapr.runtime.processor type=log ver=1.13.5
time="2024-07-15T18:20:01.3345577+03:00" level=info msg="Waiting for all outstanding components to be processed…" app_id=notification-engine instance=DESKTOP-Q56Q0JP scope=dapr.runtime type=log ver=1.13.5
time="2024-07-15T18:20:01.3460361+03:00" level=info msg="Using 'statestore' as actor state store" app_id=notification-engine instance=DESKTOP-Q56Q0JP scope=dapr.runtime.processor.state type=log ver=1.13.5
time="2024-07-15T18:20:01.3460361+03:00" level=info msg="Component loaded: statestore (state.redis/v1)" app_id=notification-engine instance=DESKTOP-Q56Q0JP scope=dapr.runtime.processor type=log ver=1.13.5
time="2024-07-15T18:20:01.3460361+03:00" level=info msg="All outstanding components processed" app_id=notification-engine instance=DESKTOP-Q56Q0JP scope=dapr.runtime type=log ver=1.13.5
time="2024-07-15T18:20:01.3460361+03:00" level=info msg="Loading endpoints…" app_id=notification-engine instance=DESKTOP-Q56Q0JP scope=dapr.runtime type=log ver=1.13.5
time="2024-07-15T18:20:01.3471186+03:00" level=info msg="Waiting for all outstanding http endpoints to be processed…" app_id=notification-engine instance=DESKTOP-Q56Q0JP scope=dapr.runtime type=log ver=1.13.5
time="2024-07-15T18:20:01.3476354+03:00" level=info msg="All outstanding http endpoints processed" app_id=notification-engine instance=DESKTOP-Q56Q0JP scope=dapr.runtime type=log ver=1.13.5
time="2024-07-15T18:20:01.3476782+03:00" level=info msg="gRPC server listening on TCP address: :65294" app_id=notification-engine instance=DESKTOP-Q56Q0JP scope=dapr.runtime.grpc.api type=log ver=1.13.5
time="2024-07-15T18:20:01.3481849+03:00" level=info msg="Enabled gRPC tracing middleware" app_id=notification-engine instance=DESKTOP-Q56Q0JP scope=dapr.runtime.grpc.api type=log ver=1.13.5
time="2024-07-15T18:20:01.3481849+03:00" level=info msg="Enabled gRPC metrics middleware" app_id=notification-engine instance=DESKTOP-Q56Q0JP scope=dapr.runtime.grpc.api type=log ver=1.13.5
time="2024-07-15T18:20:01.3481849+03:00" level=info msg="Registering workflow engine for gRPC endpoint: [::]:65294" app_id=notification-engine instance=DESKTOP-Q56Q0JP scope=dapr.runtime.grpc.api type=log ver=1.13.5
time="2024-07-15T18:20:01.3481849+03:00" level=info msg="API gRPC server is running on port 65294" app_id=notification-engine instance=DESKTOP-Q56Q0JP scope=dapr.runtime type=log ver=1.13.5
time="2024-07-15T18:20:01.3481849+03:00" level=info msg="Enabled max body size HTTP middleware with size 4 MB" app_id=notification-engine instance=DESKTOP-Q56Q0JP scope=dapr.runtime.http type=log ver=1.13.5
time="2024-07-15T18:20:01.3481849+03:00" level=info msg="Enabled tracing HTTP middleware" app_id=notification-engine instance=DESKTOP-Q56Q0JP scope=dapr.runtime.http type=log ver=1.13.5
time="2024-07-15T18:20:01.3481849+03:00" level=info msg="Enabled metrics HTTP middleware" app_id=notification-engine instance=DESKTOP-Q56Q0JP scope=dapr.runtime.http type=log ver=1.13.5
time="2024-07-15T18:20:01.3481849+03:00" level=info msg="HTTP server listening on TCP address: :65293" app_id=notification-engine instance=DESKTOP-Q56Q0JP scope=dapr.runtime.http type=log ver=1.13.5
time="2024-07-15T18:20:01.3481849+03:00" level=info msg="HTTP server is running on port 65293" app_id=notification-engine instance=DESKTOP-Q56Q0JP scope=dapr.runtime type=log ver=1.13.5
time="2024-07-15T18:20:01.3481849+03:00" level=info msg="The request body size parameter is: 4" app_id=notification-engine instance=DESKTOP-Q56Q0JP scope=dapr.runtime type=log ver=1.13.5
time="2024-07-15T18:20:01.3481849+03:00" level=info msg="gRPC server listening on TCP address: :65296" app_id=notification-engine instance=DESKTOP-Q56Q0JP scope=dapr.runtime.grpc.internal type=log ver=1.13.5
time="2024-07-15T18:20:01.3481849+03:00" level=info msg="Enabled gRPC tracing middleware" app_id=notification-engine instance=DESKTOP-Q56Q0JP scope=dapr.runtime.grpc.internal type=log ver=1.13.5
time="2024-07-15T18:20:01.3481849+03:00" level=info msg="Enabled gRPC metrics middleware" app_id=notification-engine instance=DESKTOP-Q56Q0JP scope=dapr.runtime.grpc.internal type=log ver=1.13.5
time="2024-07-15T18:20:01.3481849+03:00" level=info msg="Internal gRPC server is running on port 65296" app_id=notification-engine instance=DESKTOP-Q56Q0JP scope=dapr.runtime type=log ver=1.13.5
time="2024-07-15T18:20:01.3481849+03:00" level=info msg="application protocol: http. waiting on port 5002.  This will block until the app is listening on that port." app_id=notification-engine instance=DESKTOP-Q56Q0JP scope=dapr.runtime type=log ver=1.13.5
Updating metadata for app command: npm start
Updating metadata for appPID: 2684
You're up and running! Dapr logs will appear here.

time="2024-07-15T18:20:44.6033728+03:00" level=info msg="Received signal 'interrupt'; beginning shutdown" app_id=notification-engine instance=DESKTOP-Q56Q0JP scope=dapr.signals type=log ver=1.13.5
time="2024-07-15T18:20:44.6052466+03:00" level=info msg="Dapr is shutting down" app_id=notification-engine instance=DESKTOP-Q56Q0JP scope=dapr.runtime type=log ver=1.13.5
time="2024-07-15T18:20:44.6052466+03:00" level=info msg="Shutting down component statestore (state.redis/v1)" app_id=notification-engine instance=DESKTOP-Q56Q0JP scope=dapr.runtime type=log ver=1.13.5
time="2024-07-15T18:20:44.6052466+03:00" level=info msg="Shutting down workflow engine" app_id=notification-engine instance=DESKTOP-Q56Q0JP scope=dapr.runtime type=log ver=1.13.5
time="2024-07-15T18:20:44.6052466+03:00" level=info msg="Closing HTTP server [::]:65293…" app_id=notification-engine instance=DESKTOP-Q56Q0JP scope=dapr.runtime.http type=log ver=1.13.5
time="2024-07-15T18:20:44.6052466+03:00" level=info msg="Shutting down component pubsub (pubsub.redis/v1)" app_id=notification-engine instance=DESKTOP-Q56Q0JP scope=dapr.runtime type=log ver=1.13.5
time="2024-07-15T18:20:44.6052466+03:00" level=info msg="stopping mDNS server for app id: notification-engine" app_id=notification-engine component="nr (mdns/v1)" instance=DESKTOP-Q56Q0JP scope=dapr.contrib type=log ver=1.13.5
time="2024-07-15T18:20:44.6052466+03:00" level=info msg="Dapr runtime stopped" app_id=notification-engine instance=DESKTOP-Q56Q0JP scope=dapr.runtime type=log ver=1.13.5

termination signal received: shutting down
time="2024-07-15T18:20:44.6231263+03:00" level=info msg="Daprd shutdown gracefully" app_id=notification-engine instance=DESKTOP-Q56Q0JP scope=dapr.runtime type=log ver=1.13.5
Error exiting Dapr: TerminateProcess: Access is denied.
Exited App successfully
